573026329191:ENCOLADO ans_7a77e62c-757c-4f39-af95-148f8b65c33c
EJECUTANDO:ans_7a77e62c-757c-4f39-af95-148f8b65c33c
573026329191:SUCCESS
573026329191:ENCOLADO ans_25ee6a0d-38d2-441e-b28b-a321a9ea7ea1
EJECUTANDO:ans_25ee6a0d-38d2-441e-b28b-a321a9ea7ea1
573026329191:SUCCESS
573026329191:ENCOLADO ans_532bca77-2f93-43a1-a446-70f1a8198922
EJECUTANDO:ans_532bca77-2f93-43a1-a446-70f1a8198922
573026329191:SUCCESS
573026329191:ENCOLADO ans_5c73b452-a9d7-4fbc-850d-eb5b612bc0bc
EJECUTANDO:ans_5c73b452-a9d7-4fbc-850d-eb5b612bc0bc
573026329191:SUCCESS
573026329191:ENCOLADO ans_ff9b382f-6d50-442f-a008-a4e81430a72d
EJECUTANDO:ans_ff9b382f-6d50-442f-a008-a4e81430a72d
573026329191:SUCCESS
573026329191:ENCOLADO ans_8c57b2ab-1363-4606-9725-cf929e21dc1a
EJECUTANDO:ans_8c57b2ab-1363-4606-9725-cf929e21dc1a
573026329191:SUCCESS
573026329191:ENCOLADO ans_eb2dea24-4c31-4584-b34e-1238cf4376e7
EJECUTANDO:ans_eb2dea24-4c31-4584-b34e-1238cf4376e7
573026329191:SUCCESS
573026329191:ENCOLADO ans_8c3b9601-4b75-4d71-ba15-2d20b84bafdc
EJECUTANDO:ans_8c3b9601-4b75-4d71-ba15-2d20b84bafdc
573026329191:SUCCESS
573026329191:ENCOLADO ans_1e4d36d7-c952-458a-a189-4f1922d21712
EJECUTANDO:ans_1e4d36d7-c952-458a-a189-4f1922d21712
573026329191:SUCCESS
573026329191:ENCOLADO ans_6ab9ec24-9ebc-44a7-bdfa-13e95a25fedc
EJECUTANDO:ans_6ab9ec24-9ebc-44a7-bdfa-13e95a25fedc
573026329191:SUCCESS
573026329191:ENCOLADO ans_a1f4a698-87c5-4162-99e9-724af8dd554d
EJECUTANDO:ans_a1f4a698-87c5-4162-99e9-724af8dd554d
573026329191:SUCCESS
573026329191:ENCOLADO ans_2edbae76-8a89-42f9-970a-04c0387fdf2c
EJECUTANDO:ans_2edbae76-8a89-42f9-970a-04c0387fdf2c
573026329191:SUCCESS
573026329191:ENCOLADO ans_65a112fb-f4c8-429a-b58e-c34a328d5e0c
EJECUTANDO:ans_65a112fb-f4c8-429a-b58e-c34a328d5e0c
573026329191:SUCCESS
573026329191:ENCOLADO ans_59000be6-945e-4f95-b541-a9dc5198c5cc
EJECUTANDO:ans_59000be6-945e-4f95-b541-a9dc5198c5cc
573026329191:SUCCESS
573026329191:ENCOLADO ans_90709ff4-a467-4c39-aa19-cb521dda66bb
EJECUTANDO:ans_90709ff4-a467-4c39-aa19-cb521dda66bb
573026329191:SUCCESS
573026329191:ENCOLADO ans_a3007cf5-dee5-486d-b966-625471c298fb
EJECUTANDO:ans_a3007cf5-dee5-486d-b966-625471c298fb
573026329191:SUCCESS
573026329191:ENCOLADO ans_a6945512-f064-4bde-b578-3964895be69a
EJECUTANDO:ans_a6945512-f064-4bde-b578-3964895be69a
573026329191:SUCCESS
573026329191:ENCOLADO ans_1946b71f-244b-4502-9156-d6f544032b8b
EJECUTANDO:ans_1946b71f-244b-4502-9156-d6f544032b8b
573026329191:SUCCESS
573026329191:ENCOLADO ans_5c0a3420-08a8-4f0f-a09c-ff444047cee3
EJECUTANDO:ans_5c0a3420-08a8-4f0f-a09c-ff444047cee3
573026329191:SUCCESS
573026329191:ENCOLADO ans_fc7a3631-49bb-4065-aa86-d66c15150377
EJECUTANDO:ans_fc7a3631-49bb-4065-aa86-d66c15150377
573026329191:SUCCESS
573026329191:ENCOLADO ans_7a37068e-6d51-4c07-939f-78670aaa7842
EJECUTANDO:ans_7a37068e-6d51-4c07-939f-78670aaa7842
573026329191:SUCCESS
573217562296:ENCOLADO ans_8314bff4-1f07-4c82-8d9f-bcd7f1f6a2f8
EJECUTANDO:ans_8314bff4-1f07-4c82-8d9f-bcd7f1f6a2f8
573217562296:SUCCESS
573026329191:ENCOLADO ans_90709ff4-a467-4c39-aa19-cb521dda66bb
EJECUTANDO:ans_90709ff4-a467-4c39-aa19-cb521dda66bb
573026329191:SUCCESS
573026329191:ENCOLADO ans_a3007cf5-dee5-486d-b966-625471c298fb
EJECUTANDO:ans_a3007cf5-dee5-486d-b966-625471c298fb
573026329191:SUCCESS
573026329191:ENCOLADO ans_a6945512-f064-4bde-b578-3964895be69a
EJECUTANDO:ans_a6945512-f064-4bde-b578-3964895be69a
573026329191:SUCCESS
573026329191:ENCOLADO ans_1946b71f-244b-4502-9156-d6f544032b8b
EJECUTANDO:ans_1946b71f-244b-4502-9156-d6f544032b8b
573026329191:SUCCESS
573026329191:ENCOLADO ans_5c0a3420-08a8-4f0f-a09c-ff444047cee3
EJECUTANDO:ans_5c0a3420-08a8-4f0f-a09c-ff444047cee3
573026329191:SUCCESS
573026329191:ENCOLADO ans_fc7a3631-49bb-4065-aa86-d66c15150377
EJECUTANDO:ans_fc7a3631-49bb-4065-aa86-d66c15150377
573026329191:SUCCESS
573026329191:ENCOLADO ans_7a37068e-6d51-4c07-939f-78670aaa7842
EJECUTANDO:ans_7a37068e-6d51-4c07-939f-78670aaa7842
573026329191:SUCCESS
573026329191:ENCOLADO ans_d84612fa-8fd1-424a-a6cd-4e691ab474e2
EJECUTANDO:ans_d84612fa-8fd1-424a-a6cd-4e691ab474e2
573026329191:SUCCESS
573026329191:ENCOLADO ans_b3d12928-6076-4c48-a2b7-53c6dcce949b
EJECUTANDO:ans_b3d12928-6076-4c48-a2b7-53c6dcce949b
573026329191:SUCCESS
573026329191:ENCOLADO ans_186b6080-d240-437b-9893-2a8f37f76785
EJECUTANDO:ans_186b6080-d240-437b-9893-2a8f37f76785
573026329191:SUCCESS
573026329191:ENCOLADO ans_ea11659c-8eca-4e6f-a31c-572f0d33d4ea
EJECUTANDO:ans_ea11659c-8eca-4e6f-a31c-572f0d33d4ea
573026329191:SUCCESS
573026329191:ENCOLADO ans_96f425c9-0fc2-44c8-9681-5fd10eb97f2b
EJECUTANDO:ans_96f425c9-0fc2-44c8-9681-5fd10eb97f2b
573026329191:SUCCESS
573026329191:ENCOLADO ans_af980f9a-3407-4a6d-a382-7c62582ccb14
EJECUTANDO:ans_af980f9a-3407-4a6d-a382-7c62582ccb14
573026329191:SUCCESS
573026329191:ENCOLADO ans_1c11318f-237a-442c-82b9-e66281b94134
EJECUTANDO:ans_1c11318f-237a-442c-82b9-e66281b94134
573026329191:SUCCESS
573026329191:ENCOLADO ans_4bf83623-1cfa-431f-86b4-00ed2fc46889
EJECUTANDO:ans_4bf83623-1cfa-431f-86b4-00ed2fc46889
573026329191:SUCCESS
573026329191:ENCOLADO ans_25f137f6-3837-436d-ba7d-604596028181
EJECUTANDO:ans_25f137f6-3837-436d-ba7d-604596028181
573026329191:SUCCESS
573026329191:ENCOLADO ans_c43f2e92-805a-460c-85c2-e741e4f3738f
EJECUTANDO:ans_c43f2e92-805a-460c-85c2-e741e4f3738f
573026329191:SUCCESS
573026329191:ENCOLADO ans_fe4b5440-1975-460a-9109-adcadab0d756
EJECUTANDO:ans_fe4b5440-1975-460a-9109-adcadab0d756
573026329191:SUCCESS
573026329191:ENCOLADO ans_28398a97-d6a0-480e-a76e-8e498dd03bab
EJECUTANDO:ans_28398a97-d6a0-480e-a76e-8e498dd03bab
573026329191:SUCCESS
573026329191:ENCOLADO ans_af8e4042-e719-4f68-9d15-bf1538089160
EJECUTANDO:ans_af8e4042-e719-4f68-9d15-bf1538089160
573026329191:SUCCESS
573026329191:ENCOLADO ans_2a8cff4a-e85a-4246-b448-1cf3befe075c
EJECUTANDO:ans_2a8cff4a-e85a-4246-b448-1cf3befe075c
573026329191:SUCCESS
573026329191:ENCOLADO ans_9745aff5-98bf-449f-965f-b96d3272ec15
EJECUTANDO:ans_9745aff5-98bf-449f-965f-b96d3272ec15
573026329191:SUCCESS
5213319309511:ENCOLADO ans_2be1affe-dada-41df-b6e1-0f53e8bdce93
EJECUTANDO:ans_2be1affe-dada-41df-b6e1-0f53e8bdce93
5213319309511:SUCCESS
5213319309511:ENCOLADO ans_622609cc-afae-484a-ad58-f3487f344853
EJECUTANDO:ans_622609cc-afae-484a-ad58-f3487f344853
5213319309511:SUCCESS
5213319309511:ENCOLADO ans_7cbe0b2a-f145-4eb4-a6ec-8a7d6b303fd8
EJECUTANDO:ans_7cbe0b2a-f145-4eb4-a6ec-8a7d6b303fd8
5213319309511:SUCCESS
5213319309511:ENCOLADO ans_db0c8d58-c45f-4823-a75e-44d3ef6ae094
EJECUTANDO:ans_db0c8d58-c45f-4823-a75e-44d3ef6ae094
5213319309511:SUCCESS
5213319309511:ENCOLADO ans_efd008b0-5564-4c3c-a609-931abd86a75c
EJECUTANDO:ans_efd008b0-5564-4c3c-a609-931abd86a75c
5213319309511:SUCCESS
5213319309511:ENCOLADO ans_d1277f89-669a-45b7-8541-ae4b6310ae8b
EJECUTANDO:ans_d1277f89-669a-45b7-8541-ae4b6310ae8b
5213319309511:SUCCESS
5213319309511:ENCOLADO ans_10f75146-d216-427a-bca9-9353809c0c1f
EJECUTANDO:ans_10f75146-d216-427a-bca9-9353809c0c1f
5213319309511:SUCCESS
573022662703:ENCOLADO ans_623afd42-bb61-4cc6-ba0b-d483a7988636
EJECUTANDO:ans_623afd42-bb61-4cc6-ba0b-d483a7988636
573022662703:SUCCESS
573022662703:ENCOLADO ans_9e5c97fb-dd6c-478b-8421-a6ff6e7c2fbb
EJECUTANDO:ans_9e5c97fb-dd6c-478b-8421-a6ff6e7c2fbb
573022662703:SUCCESS
573022662703:ENCOLADO ans_8c4244ac-e9c0-44de-a13e-44caa5468f4d
EJECUTANDO:ans_8c4244ac-e9c0-44de-a13e-44caa5468f4d
573022662703:SUCCESS
573022662703:ENCOLADO ans_d80c3914-d4a8-4e0f-bcc8-ae8f4e9f42e7
EJECUTANDO:ans_d80c3914-d4a8-4e0f-bcc8-ae8f4e9f42e7
573022662703:SUCCESS
573022662703:ENCOLADO ans_0b515d2e-5098-4940-ab95-5a11b83e8138
EJECUTANDO:ans_0b515d2e-5098-4940-ab95-5a11b83e8138
573022662703:SUCCESS
573022662703:ENCOLADO ans_6d021934-b31b-45aa-b840-278c421d572f
EJECUTANDO:ans_6d021934-b31b-45aa-b840-278c421d572f
573022662703:SUCCESS
5213319309511:ENCOLADO ans_8314bff4-1f07-4c82-8d9f-bcd7f1f6a2f8
EJECUTANDO:ans_8314bff4-1f07-4c82-8d9f-bcd7f1f6a2f8
5213319309511:SUCCESS
573022662703:ENCOLADO ans_8314bff4-1f07-4c82-8d9f-bcd7f1f6a2f8
EJECUTANDO:ans_8314bff4-1f07-4c82-8d9f-bcd7f1f6a2f8
573022662703:SUCCESS
573103090582:ENCOLADO ans_2be1affe-dada-41df-b6e1-0f53e8bdce93
EJECUTANDO:ans_2be1affe-dada-41df-b6e1-0f53e8bdce93
573103090582:SUCCESS
573103090582:ENCOLADO ans_622609cc-afae-484a-ad58-f3487f344853
EJECUTANDO:ans_622609cc-afae-484a-ad58-f3487f344853
573103090582:SUCCESS
573103090582:ENCOLADO ans_7cbe0b2a-f145-4eb4-a6ec-8a7d6b303fd8
EJECUTANDO:ans_7cbe0b2a-f145-4eb4-a6ec-8a7d6b303fd8
573103090582:SUCCESS
573103090582:ENCOLADO ans_db0c8d58-c45f-4823-a75e-44d3ef6ae094
EJECUTANDO:ans_db0c8d58-c45f-4823-a75e-44d3ef6ae094
573103090582:SUCCESS
573103090582:ENCOLADO ans_efd008b0-5564-4c3c-a609-931abd86a75c
EJECUTANDO:ans_efd008b0-5564-4c3c-a609-931abd86a75c
573103090582:SUCCESS
573103090582:ENCOLADO ans_d1277f89-669a-45b7-8541-ae4b6310ae8b
EJECUTANDO:ans_d1277f89-669a-45b7-8541-ae4b6310ae8b
573103090582:SUCCESS
573103090582:ENCOLADO ans_10f75146-d216-427a-bca9-9353809c0c1f
EJECUTANDO:ans_10f75146-d216-427a-bca9-9353809c0c1f
573103090582:SUCCESS
573103090582:ENCOLADO ans_1180fc1b-91f9-4fa9-bcdd-ae4f4bb7a7c8
EJECUTANDO:ans_1180fc1b-91f9-4fa9-bcdd-ae4f4bb7a7c8
573103090582:SUCCESS
573103090582:ENCOLADO ans_30c6609c-c276-4fed-bcef-bbe30fa656de
EJECUTANDO:ans_30c6609c-c276-4fed-bcef-bbe30fa656de
573103090582:SUCCESS
573103090582:ENCOLADO ans_63e36609-57e6-4e0f-96f8-fe4ee53723aa
EJECUTANDO:ans_63e36609-57e6-4e0f-96f8-fe4ee53723aa
573103090582:SUCCESS
573217716040:ENCOLADO ans_2be1affe-dada-41df-b6e1-0f53e8bdce93
EJECUTANDO:ans_2be1affe-dada-41df-b6e1-0f53e8bdce93
573217716040:SUCCESS
573217716040:ENCOLADO ans_622609cc-afae-484a-ad58-f3487f344853
EJECUTANDO:ans_622609cc-afae-484a-ad58-f3487f344853
573217716040:SUCCESS
573217716040:ENCOLADO ans_7cbe0b2a-f145-4eb4-a6ec-8a7d6b303fd8
EJECUTANDO:ans_7cbe0b2a-f145-4eb4-a6ec-8a7d6b303fd8
573217716040:SUCCESS
573217716040:ENCOLADO ans_db0c8d58-c45f-4823-a75e-44d3ef6ae094
EJECUTANDO:ans_db0c8d58-c45f-4823-a75e-44d3ef6ae094
573217716040:SUCCESS
573217716040:ENCOLADO ans_efd008b0-5564-4c3c-a609-931abd86a75c
EJECUTANDO:ans_efd008b0-5564-4c3c-a609-931abd86a75c
573217716040:SUCCESS
573217716040:ENCOLADO ans_d1277f89-669a-45b7-8541-ae4b6310ae8b
EJECUTANDO:ans_d1277f89-669a-45b7-8541-ae4b6310ae8b
573217716040:SUCCESS
573217716040:ENCOLADO ans_10f75146-d216-427a-bca9-9353809c0c1f
EJECUTANDO:ans_10f75146-d216-427a-bca9-9353809c0c1f
573217716040:SUCCESS
573144163418:ENCOLADO ans_2be1affe-dada-41df-b6e1-0f53e8bdce93
EJECUTANDO:ans_2be1affe-dada-41df-b6e1-0f53e8bdce93
573144163418:SUCCESS
573144163418:ENCOLADO ans_622609cc-afae-484a-ad58-f3487f344853
EJECUTANDO:ans_622609cc-afae-484a-ad58-f3487f344853
573144163418:SUCCESS
573144163418:ENCOLADO ans_7cbe0b2a-f145-4eb4-a6ec-8a7d6b303fd8
EJECUTANDO:ans_7cbe0b2a-f145-4eb4-a6ec-8a7d6b303fd8
573144163418:SUCCESS
573144163418:ENCOLADO ans_db0c8d58-c45f-4823-a75e-44d3ef6ae094
EJECUTANDO:ans_db0c8d58-c45f-4823-a75e-44d3ef6ae094
573144163418:SUCCESS
573144163418:ENCOLADO ans_efd008b0-5564-4c3c-a609-931abd86a75c
EJECUTANDO:ans_efd008b0-5564-4c3c-a609-931abd86a75c
573144163418:SUCCESS
573144163418:ENCOLADO ans_d1277f89-669a-45b7-8541-ae4b6310ae8b
EJECUTANDO:ans_d1277f89-669a-45b7-8541-ae4b6310ae8b
573144163418:SUCCESS
573144163418:ENCOLADO ans_10f75146-d216-427a-bca9-9353809c0c1f
EJECUTANDO:ans_10f75146-d216-427a-bca9-9353809c0c1f
573144163418:SUCCESS
573144163418:ENCOLADO ans_d84612fa-8fd1-424a-a6cd-4e691ab474e2
EJECUTANDO:ans_d84612fa-8fd1-424a-a6cd-4e691ab474e2
573144163418:SUCCESS
573144163418:ENCOLADO ans_b3d12928-6076-4c48-a2b7-53c6dcce949b
EJECUTANDO:ans_b3d12928-6076-4c48-a2b7-53c6dcce949b
573144163418:SUCCESS
573144163418:ENCOLADO ans_186b6080-d240-437b-9893-2a8f37f76785
EJECUTANDO:ans_186b6080-d240-437b-9893-2a8f37f76785
573144163418:SUCCESS
573144163418:ENCOLADO ans_ea11659c-8eca-4e6f-a31c-572f0d33d4ea
EJECUTANDO:ans_ea11659c-8eca-4e6f-a31c-572f0d33d4ea
573144163418:SUCCESS
573144163418:ENCOLADO ans_96f425c9-0fc2-44c8-9681-5fd10eb97f2b
EJECUTANDO:ans_96f425c9-0fc2-44c8-9681-5fd10eb97f2b
573144163418:SUCCESS
573144163418:ENCOLADO ans_af980f9a-3407-4a6d-a382-7c62582ccb14
EJECUTANDO:ans_af980f9a-3407-4a6d-a382-7c62582ccb14
573144163418:SUCCESS
573144163418:ENCOLADO ans_1c11318f-237a-442c-82b9-e66281b94134
EJECUTANDO:ans_1c11318f-237a-442c-82b9-e66281b94134
573144163418:SUCCESS
573144163418:ENCOLADO ans_4bf83623-1cfa-431f-86b4-00ed2fc46889
EJECUTANDO:ans_4bf83623-1cfa-431f-86b4-00ed2fc46889
573144163418:SUCCESS
573144163418:ENCOLADO ans_25f137f6-3837-436d-ba7d-604596028181
EJECUTANDO:ans_25f137f6-3837-436d-ba7d-604596028181
573144163418:SUCCESS
573144163418:ENCOLADO ans_c43f2e92-805a-460c-85c2-e741e4f3738f
EJECUTANDO:ans_c43f2e92-805a-460c-85c2-e741e4f3738f
573144163418:SUCCESS
573144163418:ENCOLADO ans_fe4b5440-1975-460a-9109-adcadab0d756
EJECUTANDO:ans_fe4b5440-1975-460a-9109-adcadab0d756
573144163418:SUCCESS
573144163418:ENCOLADO ans_28398a97-d6a0-480e-a76e-8e498dd03bab
EJECUTANDO:ans_28398a97-d6a0-480e-a76e-8e498dd03bab
573144163418:SUCCESS
573144163418:ENCOLADO ans_af8e4042-e719-4f68-9d15-bf1538089160
EJECUTANDO:ans_af8e4042-e719-4f68-9d15-bf1538089160
573144163418:SUCCESS
573144163418:ENCOLADO ans_2a8cff4a-e85a-4246-b448-1cf3befe075c
EJECUTANDO:ans_2a8cff4a-e85a-4246-b448-1cf3befe075c
573144163418:SUCCESS
573144163418:ENCOLADO ans_9745aff5-98bf-449f-965f-b96d3272ec15
EJECUTANDO:ans_9745aff5-98bf-449f-965f-b96d3272ec15
573144163418:SUCCESS
573144163418:ENCOLADO ans_8314bff4-1f07-4c82-8d9f-bcd7f1f6a2f8
EJECUTANDO:ans_8314bff4-1f07-4c82-8d9f-bcd7f1f6a2f8
573144163418:SUCCESS
573238161791:ENCOLADO ans_623afd42-bb61-4cc6-ba0b-d483a7988636
EJECUTANDO:ans_623afd42-bb61-4cc6-ba0b-d483a7988636
573238161791:SUCCESS
573238161791:ENCOLADO ans_9e5c97fb-dd6c-478b-8421-a6ff6e7c2fbb
EJECUTANDO:ans_9e5c97fb-dd6c-478b-8421-a6ff6e7c2fbb
573238161791:SUCCESS
573238161791:ENCOLADO ans_8c4244ac-e9c0-44de-a13e-44caa5468f4d
EJECUTANDO:ans_8c4244ac-e9c0-44de-a13e-44caa5468f4d
573238161791:SUCCESS
573238161791:ENCOLADO ans_d80c3914-d4a8-4e0f-bcc8-ae8f4e9f42e7
EJECUTANDO:ans_d80c3914-d4a8-4e0f-bcc8-ae8f4e9f42e7
573238161791:SUCCESS
573238161791:ENCOLADO ans_0b515d2e-5098-4940-ab95-5a11b83e8138
EJECUTANDO:ans_0b515d2e-5098-4940-ab95-5a11b83e8138
573238161791:SUCCESS
573238161791:ENCOLADO ans_6d021934-b31b-45aa-b840-278c421d572f
EJECUTANDO:ans_6d021934-b31b-45aa-b840-278c421d572f
573238161791:SUCCESS
573217716040:ENCOLADO ans_d84612fa-8fd1-424a-a6cd-4e691ab474e2
EJECUTANDO:ans_d84612fa-8fd1-424a-a6cd-4e691ab474e2
573217716040:SUCCESS
573217716040:ENCOLADO ans_b3d12928-6076-4c48-a2b7-53c6dcce949b
EJECUTANDO:ans_b3d12928-6076-4c48-a2b7-53c6dcce949b
573217716040:SUCCESS
573217716040:ENCOLADO ans_186b6080-d240-437b-9893-2a8f37f76785
EJECUTANDO:ans_186b6080-d240-437b-9893-2a8f37f76785
573217716040:SUCCESS
573217716040:ENCOLADO ans_ea11659c-8eca-4e6f-a31c-572f0d33d4ea
EJECUTANDO:ans_ea11659c-8eca-4e6f-a31c-572f0d33d4ea
573217716040:SUCCESS
573217716040:ENCOLADO ans_96f425c9-0fc2-44c8-9681-5fd10eb97f2b
EJECUTANDO:ans_96f425c9-0fc2-44c8-9681-5fd10eb97f2b
573217716040:SUCCESS
573217716040:ENCOLADO ans_af980f9a-3407-4a6d-a382-7c62582ccb14
EJECUTANDO:ans_af980f9a-3407-4a6d-a382-7c62582ccb14
573217716040:SUCCESS
573217716040:ENCOLADO ans_1c11318f-237a-442c-82b9-e66281b94134
EJECUTANDO:ans_1c11318f-237a-442c-82b9-e66281b94134
573217716040:SUCCESS
573217716040:ENCOLADO ans_4bf83623-1cfa-431f-86b4-00ed2fc46889
EJECUTANDO:ans_4bf83623-1cfa-431f-86b4-00ed2fc46889
573217716040:SUCCESS
573217716040:ENCOLADO ans_25f137f6-3837-436d-ba7d-604596028181
EJECUTANDO:ans_25f137f6-3837-436d-ba7d-604596028181
573217716040:SUCCESS
573217716040:ENCOLADO ans_c43f2e92-805a-460c-85c2-e741e4f3738f
EJECUTANDO:ans_c43f2e92-805a-460c-85c2-e741e4f3738f
573217716040:SUCCESS
573217716040:ENCOLADO ans_fe4b5440-1975-460a-9109-adcadab0d756
EJECUTANDO:ans_fe4b5440-1975-460a-9109-adcadab0d756
573217716040:SUCCESS
573217716040:ENCOLADO ans_28398a97-d6a0-480e-a76e-8e498dd03bab
EJECUTANDO:ans_28398a97-d6a0-480e-a76e-8e498dd03bab
573217716040:SUCCESS
573217716040:ENCOLADO ans_af8e4042-e719-4f68-9d15-bf1538089160
EJECUTANDO:ans_af8e4042-e719-4f68-9d15-bf1538089160
573217716040:SUCCESS
573217716040:ENCOLADO ans_2a8cff4a-e85a-4246-b448-1cf3befe075c
EJECUTANDO:ans_2a8cff4a-e85a-4246-b448-1cf3befe075c
573217716040:SUCCESS
573217716040:ENCOLADO ans_9745aff5-98bf-449f-965f-b96d3272ec15
EJECUTANDO:ans_9745aff5-98bf-449f-965f-b96d3272ec15
573217716040:SUCCESS
573217716040:ENCOLADO ans_90709ff4-a467-4c39-aa19-cb521dda66bb
EJECUTANDO:ans_90709ff4-a467-4c39-aa19-cb521dda66bb
573217716040:SUCCESS
573217716040:ENCOLADO ans_a3007cf5-dee5-486d-b966-625471c298fb
EJECUTANDO:ans_a3007cf5-dee5-486d-b966-625471c298fb
573217716040:SUCCESS
573217716040:ENCOLADO ans_a6945512-f064-4bde-b578-3964895be69a
EJECUTANDO:ans_a6945512-f064-4bde-b578-3964895be69a
573217716040:SUCCESS
573217716040:ENCOLADO ans_1946b71f-244b-4502-9156-d6f544032b8b
EJECUTANDO:ans_1946b71f-244b-4502-9156-d6f544032b8b
573217716040:SUCCESS
573217716040:ENCOLADO ans_5c0a3420-08a8-4f0f-a09c-ff444047cee3
EJECUTANDO:ans_5c0a3420-08a8-4f0f-a09c-ff444047cee3
573217716040:SUCCESS
573217716040:ENCOLADO ans_fc7a3631-49bb-4065-aa86-d66c15150377
EJECUTANDO:ans_fc7a3631-49bb-4065-aa86-d66c15150377
573217716040:SUCCESS
573217716040:ENCOLADO ans_7a37068e-6d51-4c07-939f-78670aaa7842
EJECUTANDO:ans_7a37068e-6d51-4c07-939f-78670aaa7842
573217716040:SUCCESS
573238161791:ENCOLADO ans_623afd42-bb61-4cc6-ba0b-d483a7988636
EJECUTANDO:ans_623afd42-bb61-4cc6-ba0b-d483a7988636
573238161791:SUCCESS
573238161791:ENCOLADO ans_9e5c97fb-dd6c-478b-8421-a6ff6e7c2fbb
EJECUTANDO:ans_9e5c97fb-dd6c-478b-8421-a6ff6e7c2fbb
573238161791:SUCCESS
573238161791:ENCOLADO ans_8c4244ac-e9c0-44de-a13e-44caa5468f4d
EJECUTANDO:ans_8c4244ac-e9c0-44de-a13e-44caa5468f4d
573238161791:SUCCESS
573238161791:ENCOLADO ans_d80c3914-d4a8-4e0f-bcc8-ae8f4e9f42e7
EJECUTANDO:ans_d80c3914-d4a8-4e0f-bcc8-ae8f4e9f42e7
573238161791:SUCCESS
573238161791:ENCOLADO ans_0b515d2e-5098-4940-ab95-5a11b83e8138
EJECUTANDO:ans_0b515d2e-5098-4940-ab95-5a11b83e8138
573238161791:SUCCESS
573238161791:ENCOLADO ans_6d021934-b31b-45aa-b840-278c421d572f
EJECUTANDO:ans_6d021934-b31b-45aa-b840-278c421d572f
573238161791:SUCCESS
573115033487:ENCOLADO ans_7a77e62c-757c-4f39-af95-148f8b65c33c
EJECUTANDO:ans_7a77e62c-757c-4f39-af95-148f8b65c33c
573115033487:SUCCESS
573115033487:ENCOLADO ans_25ee6a0d-38d2-441e-b28b-a321a9ea7ea1
EJECUTANDO:ans_25ee6a0d-38d2-441e-b28b-a321a9ea7ea1
573115033487:SUCCESS
573115033487:ENCOLADO ans_532bca77-2f93-43a1-a446-70f1a8198922
EJECUTANDO:ans_532bca77-2f93-43a1-a446-70f1a8198922
573115033487:SUCCESS
573115033487:ENCOLADO ans_5c73b452-a9d7-4fbc-850d-eb5b612bc0bc
EJECUTANDO:ans_5c73b452-a9d7-4fbc-850d-eb5b612bc0bc
573115033487:SUCCESS
573115033487:ENCOLADO ans_ff9b382f-6d50-442f-a008-a4e81430a72d
EJECUTANDO:ans_ff9b382f-6d50-442f-a008-a4e81430a72d
573115033487:SUCCESS
573115033487:ENCOLADO ans_8c57b2ab-1363-4606-9725-cf929e21dc1a
EJECUTANDO:ans_8c57b2ab-1363-4606-9725-cf929e21dc1a
573115033487:SUCCESS
573115033487:ENCOLADO ans_eb2dea24-4c31-4584-b34e-1238cf4376e7
EJECUTANDO:ans_eb2dea24-4c31-4584-b34e-1238cf4376e7
573115033487:SUCCESS
573115033487:ENCOLADO ans_8c3b9601-4b75-4d71-ba15-2d20b84bafdc
EJECUTANDO:ans_8c3b9601-4b75-4d71-ba15-2d20b84bafdc
573115033487:SUCCESS
573115033487:ENCOLADO ans_1e4d36d7-c952-458a-a189-4f1922d21712
EJECUTANDO:ans_1e4d36d7-c952-458a-a189-4f1922d21712
573115033487:SUCCESS
573115033487:ENCOLADO ans_6ab9ec24-9ebc-44a7-bdfa-13e95a25fedc
EJECUTANDO:ans_6ab9ec24-9ebc-44a7-bdfa-13e95a25fedc
573115033487:SUCCESS
573115033487:ENCOLADO ans_a1f4a698-87c5-4162-99e9-724af8dd554d
EJECUTANDO:ans_a1f4a698-87c5-4162-99e9-724af8dd554d
573115033487:SUCCESS
573115033487:ENCOLADO ans_2edbae76-8a89-42f9-970a-04c0387fdf2c
EJECUTANDO:ans_2edbae76-8a89-42f9-970a-04c0387fdf2c
573115033487:SUCCESS
573115033487:ENCOLADO ans_65a112fb-f4c8-429a-b58e-c34a328d5e0c
EJECUTANDO:ans_65a112fb-f4c8-429a-b58e-c34a328d5e0c
573115033487:SUCCESS
573115033487:ENCOLADO ans_59000be6-945e-4f95-b541-a9dc5198c5cc
EJECUTANDO:ans_59000be6-945e-4f95-b541-a9dc5198c5cc
573115033487:SUCCESS
573115033487:ENCOLADO ans_63e36609-57e6-4e0f-96f8-fe4ee53723aa
EJECUTANDO:ans_63e36609-57e6-4e0f-96f8-fe4ee53723aa
573115033487:SUCCESS
573219364267:ENCOLADO ans_d84612fa-8fd1-424a-a6cd-4e691ab474e2
EJECUTANDO:ans_d84612fa-8fd1-424a-a6cd-4e691ab474e2
573219364267:SUCCESS
573219364267:ENCOLADO ans_b3d12928-6076-4c48-a2b7-53c6dcce949b
EJECUTANDO:ans_b3d12928-6076-4c48-a2b7-53c6dcce949b
573219364267:SUCCESS
573219364267:ENCOLADO ans_186b6080-d240-437b-9893-2a8f37f76785
EJECUTANDO:ans_186b6080-d240-437b-9893-2a8f37f76785
573219364267:SUCCESS
573219364267:ENCOLADO ans_ea11659c-8eca-4e6f-a31c-572f0d33d4ea
EJECUTANDO:ans_ea11659c-8eca-4e6f-a31c-572f0d33d4ea
573219364267:SUCCESS
573219364267:ENCOLADO ans_96f425c9-0fc2-44c8-9681-5fd10eb97f2b
EJECUTANDO:ans_96f425c9-0fc2-44c8-9681-5fd10eb97f2b
573219364267:SUCCESS
573219364267:ENCOLADO ans_af980f9a-3407-4a6d-a382-7c62582ccb14
EJECUTANDO:ans_af980f9a-3407-4a6d-a382-7c62582ccb14
573219364267:SUCCESS
573219364267:ENCOLADO ans_1c11318f-237a-442c-82b9-e66281b94134
EJECUTANDO:ans_1c11318f-237a-442c-82b9-e66281b94134
573219364267:SUCCESS
573219364267:ENCOLADO ans_4bf83623-1cfa-431f-86b4-00ed2fc46889
EJECUTANDO:ans_4bf83623-1cfa-431f-86b4-00ed2fc46889
573219364267:SUCCESS
573219364267:ENCOLADO ans_25f137f6-3837-436d-ba7d-604596028181
EJECUTANDO:ans_25f137f6-3837-436d-ba7d-604596028181
573219364267:SUCCESS
573219364267:ENCOLADO ans_c43f2e92-805a-460c-85c2-e741e4f3738f
EJECUTANDO:ans_c43f2e92-805a-460c-85c2-e741e4f3738f
573219364267:SUCCESS
573219364267:ENCOLADO ans_fe4b5440-1975-460a-9109-adcadab0d756
EJECUTANDO:ans_fe4b5440-1975-460a-9109-adcadab0d756
573219364267:SUCCESS
573219364267:ENCOLADO ans_28398a97-d6a0-480e-a76e-8e498dd03bab
EJECUTANDO:ans_28398a97-d6a0-480e-a76e-8e498dd03bab
573219364267:SUCCESS
573219364267:ENCOLADO ans_af8e4042-e719-4f68-9d15-bf1538089160
EJECUTANDO:ans_af8e4042-e719-4f68-9d15-bf1538089160
573219364267:SUCCESS
573219364267:ENCOLADO ans_2a8cff4a-e85a-4246-b448-1cf3befe075c
EJECUTANDO:ans_2a8cff4a-e85a-4246-b448-1cf3befe075c
573219364267:SUCCESS
573219364267:ENCOLADO ans_9745aff5-98bf-449f-965f-b96d3272ec15
EJECUTANDO:ans_9745aff5-98bf-449f-965f-b96d3272ec15
573219364267:SUCCESS
573115033487:ENCOLADO ans_623afd42-bb61-4cc6-ba0b-d483a7988636
EJECUTANDO:ans_623afd42-bb61-4cc6-ba0b-d483a7988636
573115033487:SUCCESS
573115033487:ENCOLADO ans_9e5c97fb-dd6c-478b-8421-a6ff6e7c2fbb
EJECUTANDO:ans_9e5c97fb-dd6c-478b-8421-a6ff6e7c2fbb
573115033487:SUCCESS
573115033487:ENCOLADO ans_8c4244ac-e9c0-44de-a13e-44caa5468f4d
EJECUTANDO:ans_8c4244ac-e9c0-44de-a13e-44caa5468f4d
573115033487:SUCCESS
573115033487:ENCOLADO ans_d80c3914-d4a8-4e0f-bcc8-ae8f4e9f42e7
EJECUTANDO:ans_d80c3914-d4a8-4e0f-bcc8-ae8f4e9f42e7
573115033487:SUCCESS
573115033487:ENCOLADO ans_0b515d2e-5098-4940-ab95-5a11b83e8138
EJECUTANDO:ans_0b515d2e-5098-4940-ab95-5a11b83e8138
573115033487:SUCCESS
573115033487:ENCOLADO ans_6d021934-b31b-45aa-b840-278c421d572f
EJECUTANDO:ans_6d021934-b31b-45aa-b840-278c421d572f
573115033487:SUCCESS
573142506482:ENCOLADO ans_623afd42-bb61-4cc6-ba0b-d483a7988636
EJECUTANDO:ans_623afd42-bb61-4cc6-ba0b-d483a7988636
573142506482:SUCCESS
573142506482:ENCOLADO ans_9e5c97fb-dd6c-478b-8421-a6ff6e7c2fbb
EJECUTANDO:ans_9e5c97fb-dd6c-478b-8421-a6ff6e7c2fbb
573142506482:SUCCESS
573142506482:ENCOLADO ans_8c4244ac-e9c0-44de-a13e-44caa5468f4d
EJECUTANDO:ans_8c4244ac-e9c0-44de-a13e-44caa5468f4d
573142506482:SUCCESS
573142506482:ENCOLADO ans_d80c3914-d4a8-4e0f-bcc8-ae8f4e9f42e7
EJECUTANDO:ans_d80c3914-d4a8-4e0f-bcc8-ae8f4e9f42e7
573142506482:SUCCESS
573142506482:ENCOLADO ans_0b515d2e-5098-4940-ab95-5a11b83e8138
EJECUTANDO:ans_0b515d2e-5098-4940-ab95-5a11b83e8138
573142506482:SUCCESS
573142506482:ENCOLADO ans_6d021934-b31b-45aa-b840-278c421d572f
EJECUTANDO:ans_6d021934-b31b-45aa-b840-278c421d572f
573142506482:SUCCESS
573208280896:ENCOLADO ans_2be1affe-dada-41df-b6e1-0f53e8bdce93
EJECUTANDO:ans_2be1affe-dada-41df-b6e1-0f53e8bdce93
573208280896:SUCCESS
573208280896:ENCOLADO ans_622609cc-afae-484a-ad58-f3487f344853
EJECUTANDO:ans_622609cc-afae-484a-ad58-f3487f344853
573208280896:SUCCESS
573208280896:ENCOLADO ans_7cbe0b2a-f145-4eb4-a6ec-8a7d6b303fd8
EJECUTANDO:ans_7cbe0b2a-f145-4eb4-a6ec-8a7d6b303fd8
573208280896:SUCCESS
573208280896:ENCOLADO ans_db0c8d58-c45f-4823-a75e-44d3ef6ae094
EJECUTANDO:ans_db0c8d58-c45f-4823-a75e-44d3ef6ae094
573208280896:SUCCESS
573208280896:ENCOLADO ans_efd008b0-5564-4c3c-a609-931abd86a75c
EJECUTANDO:ans_efd008b0-5564-4c3c-a609-931abd86a75c
573208280896:SUCCESS
573208280896:ENCOLADO ans_d1277f89-669a-45b7-8541-ae4b6310ae8b
EJECUTANDO:ans_d1277f89-669a-45b7-8541-ae4b6310ae8b
573208280896:SUCCESS
573208280896:ENCOLADO ans_10f75146-d216-427a-bca9-9353809c0c1f
EJECUTANDO:ans_10f75146-d216-427a-bca9-9353809c0c1f
573208280896:SUCCESS
573142506482:ENCOLADO ans_7a77e62c-757c-4f39-af95-148f8b65c33c
EJECUTANDO:ans_7a77e62c-757c-4f39-af95-148f8b65c33c
573142506482:SUCCESS
573142506482:ENCOLADO ans_25ee6a0d-38d2-441e-b28b-a321a9ea7ea1
EJECUTANDO:ans_25ee6a0d-38d2-441e-b28b-a321a9ea7ea1
573142506482:SUCCESS
573142506482:ENCOLADO ans_532bca77-2f93-43a1-a446-70f1a8198922
EJECUTANDO:ans_532bca77-2f93-43a1-a446-70f1a8198922
573142506482:SUCCESS
573142506482:ENCOLADO ans_5c73b452-a9d7-4fbc-850d-eb5b612bc0bc
EJECUTANDO:ans_5c73b452-a9d7-4fbc-850d-eb5b612bc0bc
573142506482:SUCCESS
573142506482:ENCOLADO ans_ff9b382f-6d50-442f-a008-a4e81430a72d
EJECUTANDO:ans_ff9b382f-6d50-442f-a008-a4e81430a72d
573142506482:SUCCESS
573142506482:ENCOLADO ans_8c57b2ab-1363-4606-9725-cf929e21dc1a
EJECUTANDO:ans_8c57b2ab-1363-4606-9725-cf929e21dc1a
573142506482:SUCCESS
573142506482:ENCOLADO ans_eb2dea24-4c31-4584-b34e-1238cf4376e7
EJECUTANDO:ans_eb2dea24-4c31-4584-b34e-1238cf4376e7
573142506482:SUCCESS
573142506482:ENCOLADO ans_8c3b9601-4b75-4d71-ba15-2d20b84bafdc
EJECUTANDO:ans_8c3b9601-4b75-4d71-ba15-2d20b84bafdc
573142506482:SUCCESS
573142506482:ENCOLADO ans_1e4d36d7-c952-458a-a189-4f1922d21712
EJECUTANDO:ans_1e4d36d7-c952-458a-a189-4f1922d21712
573142506482:SUCCESS
573142506482:ENCOLADO ans_6ab9ec24-9ebc-44a7-bdfa-13e95a25fedc
EJECUTANDO:ans_6ab9ec24-9ebc-44a7-bdfa-13e95a25fedc
573142506482:SUCCESS
573142506482:ENCOLADO ans_a1f4a698-87c5-4162-99e9-724af8dd554d
EJECUTANDO:ans_a1f4a698-87c5-4162-99e9-724af8dd554d
573142506482:SUCCESS
573142506482:ENCOLADO ans_2edbae76-8a89-42f9-970a-04c0387fdf2c
EJECUTANDO:ans_2edbae76-8a89-42f9-970a-04c0387fdf2c
573142506482:SUCCESS
573142506482:ENCOLADO ans_65a112fb-f4c8-429a-b58e-c34a328d5e0c
EJECUTANDO:ans_65a112fb-f4c8-429a-b58e-c34a328d5e0c
573142506482:SUCCESS
573142506482:ENCOLADO ans_59000be6-945e-4f95-b541-a9dc5198c5cc
EJECUTANDO:ans_59000be6-945e-4f95-b541-a9dc5198c5cc
573142506482:SUCCESS
573142506482:ENCOLADO ans_d5b83e71-ed40-45f3-8a5b-8f9254684672
EJECUTANDO:ans_d5b83e71-ed40-45f3-8a5b-8f9254684672
573142506482:SUCCESS
573142506482:ENCOLADO ans_6532579f-f6d0-477a-b247-66f51fdd5517
EJECUTANDO:ans_6532579f-f6d0-477a-b247-66f51fdd5517
573142506482:SUCCESS
573142506482:ENCOLADO ans_b1c0626b-e011-49a3-b8f8-4ea69256d3b0
EJECUTANDO:ans_b1c0626b-e011-49a3-b8f8-4ea69256d3b0
573142506482:SUCCESS
573142506482:ENCOLADO ans_02cd2e82-2412-49f1-b944-2e5ea1bc9548
EJECUTANDO:ans_02cd2e82-2412-49f1-b944-2e5ea1bc9548
573142506482:SUCCESS
573142506482:ENCOLADO ans_7cfa814e-acc9-4f9d-9ac0-b72f20b1588a
EJECUTANDO:ans_7cfa814e-acc9-4f9d-9ac0-b72f20b1588a
573142506482:SUCCESS
573142506482:ENCOLADO ans_d5b83e71-ed40-45f3-8a5b-8f9254684672
EJECUTANDO:ans_d5b83e71-ed40-45f3-8a5b-8f9254684672
573142506482:SUCCESS
573142506482:ENCOLADO ans_6532579f-f6d0-477a-b247-66f51fdd5517
EJECUTANDO:ans_6532579f-f6d0-477a-b247-66f51fdd5517
573142506482:SUCCESS
573142506482:ENCOLADO ans_b1c0626b-e011-49a3-b8f8-4ea69256d3b0
EJECUTANDO:ans_b1c0626b-e011-49a3-b8f8-4ea69256d3b0
573142506482:SUCCESS
573142506482:ENCOLADO ans_02cd2e82-2412-49f1-b944-2e5ea1bc9548
EJECUTANDO:ans_02cd2e82-2412-49f1-b944-2e5ea1bc9548
573142506482:SUCCESS
573142506482:ENCOLADO ans_7cfa814e-acc9-4f9d-9ac0-b72f20b1588a
EJECUTANDO:ans_7cfa814e-acc9-4f9d-9ac0-b72f20b1588a
573142506482:SUCCESS
573142506482:ENCOLADO ans_3a5ab446-38d8-402a-af1f-8b142e29e132
EJECUTANDO:ans_3a5ab446-38d8-402a-af1f-8b142e29e132
573142506482:SUCCESS
573142506482:ENCOLADO ans_19e4eda3-91d3-4e46-a499-337e051c6aa8
EJECUTANDO:ans_19e4eda3-91d3-4e46-a499-337e051c6aa8
573142506482:SUCCESS
573142506482:ENCOLADO ans_9dcf9585-2250-4f3e-b58a-f36efd3480c1
EJECUTANDO:ans_9dcf9585-2250-4f3e-b58a-f36efd3480c1
573142506482:SUCCESS
573142506482:ENCOLADO ans_84c6cc17-8e4d-4a21-8b7e-2532eb595240
EJECUTANDO:ans_84c6cc17-8e4d-4a21-8b7e-2532eb595240
573142506482:SUCCESS
573142506482:ENCOLADO ans_2d5e3638-1c22-4c72-b0a5-bbee2e33def1
EJECUTANDO:ans_2d5e3638-1c22-4c72-b0a5-bbee2e33def1
573142506482:SUCCESS
573142506482:ENCOLADO ans_113cef93-682d-40a6-b44a-5516e4cecdeb
EJECUTANDO:ans_113cef93-682d-40a6-b44a-5516e4cecdeb
573142506482:SUCCESS
573142506482:ENCOLADO ans_0eb89d3a-5503-441d-88b7-62ea23927740
EJECUTANDO:ans_0eb89d3a-5503-441d-88b7-62ea23927740
573142506482:SUCCESS
573142506482:ENCOLADO ans_9fa05c63-a097-4251-8a97-1432f7eff9bb
EJECUTANDO:ans_9fa05c63-a097-4251-8a97-1432f7eff9bb
573142506482:SUCCESS
573142506482:ENCOLADO ans_454e58b8-bf1c-4479-8e06-479e9d7c458d
EJECUTANDO:ans_454e58b8-bf1c-4479-8e06-479e9d7c458d
573142506482:SUCCESS
573142506482:ENCOLADO ans_3bba16c2-b103-41a2-8ba1-2a9a7637d75c
EJECUTANDO:ans_3bba16c2-b103-41a2-8ba1-2a9a7637d75c
573142506482:SUCCESS
573142506482:ENCOLADO ans_94429da4-d77a-417b-a130-102e898b1d49
EJECUTANDO:ans_94429da4-d77a-417b-a130-102e898b1d49
573142506482:SUCCESS
573142506482:ENCOLADO ans_8bd5e5fc-8e62-45ac-a3c9-a955b15cb0a0
EJECUTANDO:ans_8bd5e5fc-8e62-45ac-a3c9-a955b15cb0a0
573142506482:SUCCESS
573142506482:ENCOLADO ans_9eb25b69-8e7b-402e-9438-1fd79752c91d
EJECUTANDO:ans_9eb25b69-8e7b-402e-9438-1fd79752c91d
573142506482:SUCCESS
573142506482:ENCOLADO ans_71770392-3643-485a-9727-ecda6f24f821
EJECUTANDO:ans_71770392-3643-485a-9727-ecda6f24f821
573142506482:SUCCESS
